2018-02-05T15:03:16.216Z - info: Current externalip : <!-- IE friendly error message walkround.        
     if error message from server is less than   
     512 bytes IE v5+ will use its own error     
     message instead of the one returned by      
     server.                                 --> 
                                                 
                                                 
                                                 
                                                 
                                                 
                                                 
<!DOCTYPE html PUBLIC "-//W3C//DTD HTML 4.01 Transitional//EN">
<html>
<head>
<meta http-equiv="Content-Type" content="text/html; charset=UTF-8">
<meta name="referrer" content="no-referrer">
    <title>Web Filter Violation</title>
    <style type="text/css">
        html, body { margin: 0; padding: 0; font-family: Verdana, Arial, sans-serif; font-size: 10pt; }
        h1, h2 { height: 82px; text-indent: -999em; margin: 0; padding: 0; margin: 0; }
        div { margin: 0; padding: 0; }
        div.header { background: url(http://url.fortinet.net:8008/XX/YY/ZZ/CI/MGPGHGPGPFGHCDPFGGOGFGEH) 0 0 repeat-x; height: 82px; }
        div.header h1 { background: url(http://url.fortinet.net:8008/XX/YY/ZZ/CI/MGPGHGPGPFGHCDPFGGHGFHBGCHEGPFHHGG) 0 0 no-repeat; }
        div.header h2 { background: url(http://url.fortinet.net:8008/XX/YY/ZZ/CI/MGPGHGPGPFGHCDPFGGOGFGEH) 0 -82px no-repeat; width: 160px; float: right; }
        div.sidebar { width: 195px; height: 200px; float: left; }
        div.main { padding: 5px; margin-left: 195px; }
        div.buttons { margin-top: 30px; text-align: right; }
        h3 { margin: 36px 0; font-size: 16pt; }
        .blocked      h3 { color: #c00; }
        .authenticate h3 { color: #36c; }
        h2.fgd_icon { background: url(http://url.fortinet.net:8008/XX/YY/ZZ/CI/MGPGHGPGPFGHCDPFGGOGFGEH) 0 -166px repeat-x; width: 90px; height: 92px; margin: 48px auto; }
        .blocked      h2.fgd_icon { background-position: 0 -166px; }
        .authenticate h2.fgd_icon { background-position: -89px -166px; }
        form { width: 300px; margin: 30px 0; }
        label { display: block; width: 300px; margin: 5px 0; line-height: 25px; }
        label input { width: 200px; border: 1px solid #7f9db9; height: 20px; float: right; }
    </style>
</head>
<body class="blocked">
    <div class="header">
        <h2>Powered By Fortinet</h2>
        <h1>FortiGuard Web Filtering</h1>
    </div>
    <div class="sidebar">
        <h2 class="fgd_icon">blocked</h2>
    </div>
    <div class="main">
<h3>Web Page Blocked!</h3>
<div class="notice">
    <p>You have tried to access a web page which is in violation of your internet usage policy.</p>
    <p>
        URL: http://bot.whatismyipaddress.com/<br />
        Category: Malicious Websites
        <br/>Client IP: 192.168.53.72
        <br/>Server IP: 66.171.248.178
        <br/>User name: 
        <br/>Group name: 
    </p>
    <p>
       
    </p>
    <p> To have the rating of this web page re-evaluated <a href="http://url.fortinet.net/rate/submit.php?id=4E434D31491D61203C356425367B3020&cat=1A&loc=http://bot%2ewhatismyipaddress%2ecom%2f&ver=8">please click here</a>.</p>
</div>
    </div>
</body>
</html>

2018-02-05T15:03:16.241Z - info: loading https://github.com/Asing1001/har-generator ...
2018-02-05T15:03:17.259Z - error: https://github.com/Asing1001/har-generator got error, error : Error: connect ECONNREFUSED 127.0.0.1:9222
2018-02-05T15:03:17.272Z - info: complete save har to dist/github.com_Asing1001_har-generator_02-05_16-03-17.har
2018-02-05T15:04:16.246Z - info: loading https://github.com/Asing1001/har-generator ...
2018-02-05T15:04:17.254Z - error: https://github.com/Asing1001/har-generator got error, error : Error: connect ECONNREFUSED 127.0.0.1:9222
2018-02-05T15:04:17.291Z - info: complete save har to dist/github.com_Asing1001_har-generator_02-05_16-04-17.har
2018-02-05T15:05:02.097Z - info: Current externalip : <!-- IE friendly error message walkround.        
     if error message from server is less than   
     512 bytes IE v5+ will use its own error     
     message instead of the one returned by      
     server.                                 --> 
                                                 
                                                 
                                                 
                                                 
                                                 
                                                 
<!DOCTYPE html PUBLIC "-//W3C//DTD HTML 4.01 Transitional//EN">
<html>
<head>
<meta http-equiv="Content-Type" content="text/html; charset=UTF-8">
<meta name="referrer" content="no-referrer">
    <title>Web Filter Violation</title>
    <style type="text/css">
        html, body { margin: 0; padding: 0; font-family: Verdana, Arial, sans-serif; font-size: 10pt; }
        h1, h2 { height: 82px; text-indent: -999em; margin: 0; padding: 0; margin: 0; }
        div { margin: 0; padding: 0; }
        div.header { background: url(http://url.fortinet.net:8008/XX/YY/ZZ/CI/MGPGHGPGPFGHCDPFGGOGFGEH) 0 0 repeat-x; height: 82px; }
        div.header h1 { background: url(http://url.fortinet.net:8008/XX/YY/ZZ/CI/MGPGHGPGPFGHCDPFGGHGFHBGCHEGPFHHGG) 0 0 no-repeat; }
        div.header h2 { background: url(http://url.fortinet.net:8008/XX/YY/ZZ/CI/MGPGHGPGPFGHCDPFGGOGFGEH) 0 -82px no-repeat; width: 160px; float: right; }
        div.sidebar { width: 195px; height: 200px; float: left; }
        div.main { padding: 5px; margin-left: 195px; }
        div.buttons { margin-top: 30px; text-align: right; }
        h3 { margin: 36px 0; font-size: 16pt; }
        .blocked      h3 { color: #c00; }
        .authenticate h3 { color: #36c; }
        h2.fgd_icon { background: url(http://url.fortinet.net:8008/XX/YY/ZZ/CI/MGPGHGPGPFGHCDPFGGOGFGEH) 0 -166px repeat-x; width: 90px; height: 92px; margin: 48px auto; }
        .blocked      h2.fgd_icon { background-position: 0 -166px; }
        .authenticate h2.fgd_icon { background-position: -89px -166px; }
        form { width: 300px; margin: 30px 0; }
        label { display: block; width: 300px; margin: 5px 0; line-height: 25px; }
        label input { width: 200px; border: 1px solid #7f9db9; height: 20px; float: right; }
    </style>
</head>
<body class="blocked">
    <div class="header">
        <h2>Powered By Fortinet</h2>
        <h1>FortiGuard Web Filtering</h1>
    </div>
    <div class="sidebar">
        <h2 class="fgd_icon">blocked</h2>
    </div>
    <div class="main">
<h3>Web Page Blocked!</h3>
<div class="notice">
    <p>You have tried to access a web page which is in violation of your internet usage policy.</p>
    <p>
        URL: http://bot.whatismyipaddress.com/<br />
        Category: Malicious Websites
        <br/>Client IP: 192.168.53.72
        <br/>Server IP: 66.171.248.178
        <br/>User name: 
        <br/>Group name: 
    </p>
    <p>
       
    </p>
    <p> To have the rating of this web page re-evaluated <a href="http://url.fortinet.net/rate/submit.php?id=4E434D31491D61203C356425367B3020&cat=1A&loc=http://bot%2ewhatismyipaddress%2ecom%2f&ver=8">please click here</a>.</p>
</div>
    </div>
</body>
</html>

2018-02-05T15:05:02.118Z - info: loading http://rawdata.docker/offer/import ...
2018-02-05T15:05:03.131Z - error: http://rawdata.docker/offer/import got error, error : Error: connect ECONNREFUSED 127.0.0.1:9222
2018-02-05T15:05:03.145Z - info: complete save har to files/rawdata.docker_offer_import_02-05_16-05-03.har
2018-02-05T15:06:02.124Z - info: loading http://rawdata.docker/offer/import ...
2018-02-05T15:06:03.128Z - error: http://rawdata.docker/offer/import got error, error : Error: connect ECONNREFUSED 127.0.0.1:9222
2018-02-05T15:06:03.136Z - info: complete save har to files/rawdata.docker_offer_import_02-05_16-06-03.har
2018-02-05T15:07:02.129Z - info: loading http://rawdata.docker/offer/import ...
2018-02-05T15:07:03.135Z - error: http://rawdata.docker/offer/import got error, error : Error: connect ECONNREFUSED 127.0.0.1:9222
2018-02-05T15:07:03.142Z - info: complete save har to files/rawdata.docker_offer_import_02-05_16-07-03.har
2018-02-05T15:08:02.135Z - info: loading http://rawdata.docker/offer/import ...
2018-02-05T15:08:03.139Z - error: http://rawdata.docker/offer/import got error, error : Error: connect ECONNREFUSED 127.0.0.1:9222
2018-02-05T15:08:03.145Z - info: complete save har to files/rawdata.docker_offer_import_02-05_16-08-03.har
2018-02-05T15:09:02.141Z - info: loading http://rawdata.docker/offer/import ...
2018-02-05T15:09:03.144Z - error: http://rawdata.docker/offer/import got error, error : Error: connect ECONNREFUSED 127.0.0.1:9222
2018-02-05T15:09:03.151Z - info: complete save har to files/rawdata.docker_offer_import_02-05_16-09-03.har
2018-02-05T15:10:02.147Z - info: loading http://rawdata.docker/offer/import ...
2018-02-05T15:10:03.151Z - error: http://rawdata.docker/offer/import got error, error : Error: connect ECONNREFUSED 127.0.0.1:9222
2018-02-05T15:10:03.157Z - info: complete save har to files/rawdata.docker_offer_import_02-05_16-10-03.har
2018-02-05T15:11:02.153Z - info: loading http://rawdata.docker/offer/import ...
2018-02-05T15:11:03.157Z - error: http://rawdata.docker/offer/import got error, error : Error: connect ECONNREFUSED 127.0.0.1:9222
2018-02-05T15:11:03.163Z - info: complete save har to files/rawdata.docker_offer_import_02-05_16-11-03.har
2018-02-05T15:12:02.158Z - info: loading http://rawdata.docker/offer/import ...
2018-02-05T15:12:03.162Z - error: http://rawdata.docker/offer/import got error, error : Error: connect ECONNREFUSED 127.0.0.1:9222
2018-02-05T15:12:03.168Z - info: complete save har to files/rawdata.docker_offer_import_02-05_16-12-03.har
2018-02-05T15:13:02.164Z - info: loading http://rawdata.docker/offer/import ...
2018-02-05T15:13:03.168Z - error: http://rawdata.docker/offer/import got error, error : Error: connect ECONNREFUSED 127.0.0.1:9222
2018-02-05T15:13:03.174Z - info: complete save har to files/rawdata.docker_offer_import_02-05_16-13-03.har
2018-02-05T15:14:02.170Z - info: loading http://rawdata.docker/offer/import ...
2018-02-05T15:14:03.173Z - error: http://rawdata.docker/offer/import got error, error : Error: connect ECONNREFUSED 127.0.0.1:9222
2018-02-05T15:14:03.179Z - info: complete save har to files/rawdata.docker_offer_import_02-05_16-14-03.har
2018-02-05T15:15:02.176Z - info: loading http://rawdata.docker/offer/import ...
2018-02-05T15:15:03.180Z - error: http://rawdata.docker/offer/import got error, error : Error: connect ECONNREFUSED 127.0.0.1:9222
2018-02-05T15:15:03.186Z - info: complete save har to files/rawdata.docker_offer_import_02-05_16-15-03.har
2018-02-05T15:16:02.176Z - info: loading http://rawdata.docker/offer/import ...
2018-02-05T15:16:03.184Z - error: http://rawdata.docker/offer/import got error, error : Error: connect ECONNREFUSED 127.0.0.1:9222
2018-02-05T15:16:03.190Z - info: complete save har to files/rawdata.docker_offer_import_02-05_16-16-03.har
2018-02-05T15:17:02.182Z - info: loading http://rawdata.docker/offer/import ...
2018-02-05T15:17:03.190Z - error: http://rawdata.docker/offer/import got error, error : Error: connect ECONNREFUSED 127.0.0.1:9222
2018-02-05T15:17:03.196Z - info: complete save har to files/rawdata.docker_offer_import_02-05_16-17-03.har
2018-02-05T15:18:02.188Z - info: loading http://rawdata.docker/offer/import ...
2018-02-05T15:18:03.195Z - error: http://rawdata.docker/offer/import got error, error : Error: connect ECONNREFUSED 127.0.0.1:9222
2018-02-05T15:18:03.202Z - info: complete save har to files/rawdata.docker_offer_import_02-05_16-18-03.har
2018-02-05T15:19:02.194Z - info: loading http://rawdata.docker/offer/import ...
2018-02-05T15:19:03.202Z - error: http://rawdata.docker/offer/import got error, error : Error: connect ECONNREFUSED 127.0.0.1:9222
2018-02-05T15:19:03.208Z - info: complete save har to files/rawdata.docker_offer_import_02-05_16-19-03.har
2018-02-05T15:20:02.199Z - info: loading http://rawdata.docker/offer/import ...
2018-02-05T15:20:03.207Z - error: http://rawdata.docker/offer/import got error, error : Error: connect ECONNREFUSED 127.0.0.1:9222
2018-02-05T15:20:03.213Z - info: complete save har to files/rawdata.docker_offer_import_02-05_16-20-03.har
2018-02-05T15:21:02.205Z - info: loading http://rawdata.docker/offer/import ...
2018-02-05T15:21:03.215Z - error: http://rawdata.docker/offer/import got error, error : Error: connect ECONNREFUSED 127.0.0.1:9222
2018-02-05T15:21:03.221Z - info: complete save har to files/rawdata.docker_offer_import_02-05_16-21-03.har
2018-02-05T15:22:02.211Z - info: loading http://rawdata.docker/offer/import ...
2018-02-05T15:22:03.214Z - error: http://rawdata.docker/offer/import got error, error : Error: connect ECONNREFUSED 127.0.0.1:9222
2018-02-05T15:22:03.224Z - info: complete save har to files/rawdata.docker_offer_import_02-05_16-22-03.har
2018-02-05T15:23:02.216Z - info: loading http://rawdata.docker/offer/import ...
2018-02-05T15:23:03.228Z - error: http://rawdata.docker/offer/import got error, error : Error: connect ECONNREFUSED 127.0.0.1:9222
2018-02-05T15:23:03.233Z - info: complete save har to files/rawdata.docker_offer_import_02-05_16-23-03.har
2018-02-05T15:24:02.223Z - info: loading http://rawdata.docker/offer/import ...
2018-02-05T15:24:03.226Z - error: http://rawdata.docker/offer/import got error, error : Error: connect ECONNREFUSED 127.0.0.1:9222
2018-02-05T15:24:03.237Z - info: complete save har to files/rawdata.docker_offer_import_02-05_16-24-03.har
2018-02-05T15:25:02.230Z - info: loading http://rawdata.docker/offer/import ...
2018-02-05T15:25:03.234Z - error: http://rawdata.docker/offer/import got error, error : Error: connect ECONNREFUSED 127.0.0.1:9222
2018-02-05T15:25:03.243Z - info: complete save har to files/rawdata.docker_offer_import_02-05_16-25-03.har
2018-02-05T15:26:02.236Z - info: loading http://rawdata.docker/offer/import ...
2018-02-05T15:26:03.239Z - error: http://rawdata.docker/offer/import got error, error : Error: connect ECONNREFUSED 127.0.0.1:9222
2018-02-05T15:26:03.249Z - info: complete save har to files/rawdata.docker_offer_import_02-05_16-26-03.har
2018-02-05T15:27:02.241Z - info: loading http://rawdata.docker/offer/import ...
2018-02-05T15:27:03.245Z - error: http://rawdata.docker/offer/import got error, error : Error: connect ECONNREFUSED 127.0.0.1:9222
2018-02-05T15:27:03.233Z - info: complete save har to files/rawdata.docker_offer_import_02-05_16-27-03.har
2018-02-05T15:28:02.224Z - info: loading http://rawdata.docker/offer/import ...
2018-02-05T15:28:03.230Z - error: http://rawdata.docker/offer/import got error, error : Error: connect ECONNREFUSED 127.0.0.1:9222
2018-02-05T15:28:03.217Z - info: complete save har to files/rawdata.docker_offer_import_02-05_16-28-03.har
